<?xml version="1.0" encoding="UTF-8"?>
<!-- Generated by org.testng.reporters.JUnitReportReporter -->
<testsuite hostname="DESKTOP-65V4QFO" failures="0" tests="4" name="ApplicationRunner.MainRunner" time="13.426" errors="0" timestamp="2024-12-06T12:57:42 IST" skipped="0">
  <testcase classname="ApplicationRunner.MainRunner" name="runScenario" time="8.526"/>
  <testcase classname="ApplicationRunner.MainRunner" name="runScenario" time="2.211"/>
  <testcase classname="ApplicationRunner.MainRunner" name="runScenario" time="0.921"/>
  <testcase classname="ApplicationRunner.MainRunner" name="runScenario" time="1.768"/>
</testsuite> <!-- ApplicationRunner.MainRunner -->
